<?xml version="1.0" encoding="UTF-8"?>
<!-- Generated by org.testng.reporters.JUnitReportReporter -->
<testsuite skipped="0" hostname="LAPTOP-G87SNGCF" name="com.sdet.rupeek.test.GetAllUsers" tests="3" failures="0" timestamp="27 Apr 2020 16:51:54 GMT" time="3.066" errors="0">
  <testcase name="getUserDetailsWithValidInput" time="1.001" classname="com.sdet.rupeek.test.GetAllUsers"/>
  <testcase name="getUsersDetailsWithOutAuth" time="1.487" classname="com.sdet.rupeek.test.GetAllUsers"/>
  <testcase name="getUsersRecordWithRandomBodyField" time="0.578" classname="com.sdet.rupeek.test.GetAllUsers"/>
</testsuite> <!-- com.sdet.rupeek.test.GetAllUsers -->
