<?xml version="1.0" encoding="UTF-8"?>
<!-- Generated by org.testng.reporters.JUnitReportReporter -->
<testsuite skipped="0" hostname="LAPTOP-G87SNGCF" name="com.sdet.rupeek.test.GetUserByPhone" tests="5" failures="0" timestamp="27 Apr 2020 16:52:04 GMT" time="4.486" errors="0">
  <testcase name="getSingleUserWithValidPhoneNum" time="1.284" classname="com.sdet.rupeek.test.GetUserByPhone"/>
  <testcase name="getSingleRecordWithoutAuth" time="0.516" classname="com.sdet.rupeek.test.GetUserByPhone"/>
  <testcase name="getSingleUserWithInValidPhoneNum" time="0.595" classname="com.sdet.rupeek.test.GetUserByPhone"/>
  <testcase name="getSingleUserWithInValidPhoneNum2" time="0.537" classname="com.sdet.rupeek.test.GetUserByPhone"/>
  <testcase name="getSingleUserWithInValidPhoneNum3" time="1.554" classname="com.sdet.rupeek.test.GetUserByPhone"/>
</testsuite> <!-- com.sdet.rupeek.test.GetUserByPhone -->
