<?xml version="1.0" encoding="UTF-8"?>
<!-- Generated by org.testng.reporters.JUnitReportReporter -->
<testsuite skipped="0" hostname="LAPTOP-G87SNGCF" name="com.sdet.rupeek.test.Authenticate" tests="7" failures="0" timestamp="27 Apr 2020 13:35:59 GMT" time="5.637" errors="0">
  <testcase name="getTokenWithInvalidBlankPassword" time="0.654" classname="com.sdet.rupeek.test.Authenticate"/>
  <testcase name="getTokenWithInvalidWrongPassword" time="0.468" classname="com.sdet.rupeek.test.Authenticate"/>
  <testcase name="getTokenWithInvalidRemovePasswordField" time="0.387" classname="com.sdet.rupeek.test.Authenticate"/>
  <testcase name="getTokenWithInvalidBlankUserName" time="0.458" classname="com.sdet.rupeek.test.Authenticate"/>
  <testcase name="getTokenWithInvalidWrongUserName" time="0.482" classname="com.sdet.rupeek.test.Authenticate"/>
  <testcase name="getTokenWithValidUNPWD" time="2.684" classname="com.sdet.rupeek.test.Authenticate"/>
  <testcase name="getTokenWithInvalidRemoveUserNameField" time="0.504" classname="com.sdet.rupeek.test.Authenticate"/>
</testsuite> <!-- com.sdet.rupeek.test.Authenticate -->
